12:32:34 [main] ERROR com.revature.Driver - Login exception was thrown: com.revature.exceptions.LoginException
12:35:57 [main] ERROR com.revature.Driver - Login exception was thrown: com.revature.exceptions.LoginException
12:36:11 [main] ERROR com.revature.Driver - Login exception was thrown: com.revature.exceptions.LoginException
12:36:13 [main] INFO  com.revature.services.UserService - User: User [id=0, username=, password=] was created.
12:36:13 [main] INFO  com.revature.Driver - User [id=0, username=, password=]
12:52:40 [main] ERROR com.revature.Driver - Login exception was thrown: com.revature.exceptions.LoginException
13:03:23 [main] ERROR com.revature.Driver - Login exception was thrown: com.revature.exceptions.LoginException
15:19:17 [main] ERROR com.revature.Driver - Login exception was thrown: com.revature.exceptions.LoginException
09:39:01 [main] ERROR com.revature.Driver - Login exception was thrown: com.revature.exceptions.LoginException
09:39:03 [main] INFO  com.revature.services.UserService - User: User [id=0, username=d, password=d] was created.
09:39:03 [main] INFO  com.revature.Driver - User [id=0, username=d, password=d]
09:55:02 [main] ERROR com.revature.Driver - Login exception was thrown: com.revature.exceptions.LoginException
09:55:03 [main] INFO  com.revature.services.UserService - User: User [id=0, username=d, password=d] was created.
09:55:03 [main] INFO  com.revature.Driver - User [id=0, username=d, password=d]
09:56:36 [main] ERROR com.revature.Driver - Login exception was thrown: com.revature.exceptions.LoginException
09:56:37 [main] INFO  com.revature.services.UserService - User: User [id=0, username=d, password=d] was created.
09:56:37 [main] INFO  com.revature.Driver - User [id=0, username=d, password=d]
11:50:17 [main] ERROR com.revature.Driver - Login exception was thrown: com.revature.exceptions.LoginException
11:50:19 [main] INFO  com.revature.services.UserService - User: User [id=0, username=d, password=d] was created.
11:50:19 [main] INFO  com.revature.Driver - User [id=0, username=d, password=d]
14:15:46 [main] ERROR com.revature.Driver - Login exception was thrown: com.revature.exceptions.LoginException
14:15:49 [main] INFO  com.revature.services.UserService - User: User [id=0, username=d, password=d] was created.
14:15:49 [main] INFO  com.revature.Driver - User [id=0, username=d, password=d]
16:05:22 [main] ERROR com.revature.Driver - Login exception was thrown: com.revature.exceptions.LoginException
16:14:04 [main] INFO  com.revature.services.UserService - User: User [id=0, username=daniel, password=pass] was created.
16:14:04 [main] INFO  com.revature.Driver - User [id=0, username=daniel, password=pass]
16:14:28 [main] ERROR com.revature.Driver - Login exception was thrown: com.revature.exceptions.LoginException
16:14:33 [main] INFO  com.revature.services.UserService - User: User [id=0, username=daniel, password=daniel] was created.
16:14:33 [main] INFO  com.revature.Driver - User [id=0, username=daniel, password=daniel]
16:14:49 [main] ERROR com.revature.Driver - Login exception was thrown: com.revature.exceptions.LoginException
16:14:54 [main] INFO  com.revature.services.UserService - User: User [id=0, username=daniel, password=1223] was created.
16:14:54 [main] INFO  com.revature.Driver - User [id=0, username=daniel, password=1223]
16:15:22 [main] ERROR com.revature.Driver - Login exception was thrown: com.revature.exceptions.LoginException
16:15:29 [main] INFO  com.revature.services.UserService - User: User [id=0, username=daniel, password=jk] was created.
16:15:29 [main] INFO  com.revature.Driver - User [id=0, username=daniel, password=jk]
16:16:17 [main] ERROR com.revature.Driver - Login exception was thrown: com.revature.exceptions.LoginException
16:16:22 [main] INFO  com.revature.services.UserService - User: User [id=0, username=dan, password=lol] was created.
16:16:22 [main] INFO  com.revature.Driver - User [id=0, username=dan, password=lol]
16:17:17 [main] ERROR com.revature.Driver - Login exception was thrown: com.revature.exceptions.LoginException
16:17:20 [main] INFO  com.revature.services.UserService - User: User [id=0, username=d, password=d] was created.
16:17:20 [main] INFO  com.revature.Driver - User [id=0, username=d, password=d]
16:17:52 [main] ERROR com.revature.Driver - Login exception was thrown: com.revature.exceptions.LoginException
16:17:55 [main] INFO  com.revature.services.UserService - User: User [id=0, username=d, password=d] was created.
16:17:55 [main] INFO  com.revature.Driver - User [id=0, username=d, password=d]
16:25:28 [main] ERROR com.revature.Driver - Login exception was thrown: com.revature.exceptions.LoginException
16:25:33 [main] INFO  com.revature.services.UserService - User: User [id=0, username=dan, password=pass] was created.
16:25:33 [main] INFO  com.revature.Driver - User [id=0, username=dan, password=pass]
19:53:47 [main] ERROR com.revature.Driver - Login exception was thrown: com.revature.exceptions.LoginException
19:54:00 [main] INFO  com.revature.services.UserService - User: User [id=0, username=daniel, password=b] was created.
19:54:00 [main] INFO  com.revature.Driver - User [id=0, username=daniel, password=b]
19:55:48 [main] ERROR com.revature.Driver - Login exception was thrown: com.revature.exceptions.LoginException
19:56:01 [main] INFO  com.revature.services.UserService - User: User [id=0, username=tyler b, password=naruto] was created.
19:56:01 [main] INFO  com.revature.Driver - User [id=0, username=tyler b, password=naruto]
19:58:16 [main] ERROR com.revature.Driver - Login exception was thrown: com.revature.exceptions.LoginException
19:58:21 [main] INFO  com.revature.services.UserService - User: User [id=0, username=zach, password=dlhj] was created.
19:58:21 [main] INFO  com.revature.Driver - User [id=0, username=zach, password=dlhj]
19:58:57 [main] ERROR com.revature.Driver - Login exception was thrown: com.revature.exceptions.LoginException
19:59:03 [main] INFO  com.revature.services.UserService - User: User [id=11, username=jkl, password=fdgk] was created.
19:59:03 [main] INFO  com.revature.Driver - User [id=11, username=jkl, password=fdgk]
22:40:06 [main] ERROR com.revature.Driver - Login exception was thrown: com.revature.exceptions.LoginException
22:40:14 [main] INFO  com.revature.services.UserService - User: User [id=12, username=tyler, password=jjj] was created.
22:40:14 [main] INFO  com.revature.Driver - User [id=12, username=tyler, password=jjj]
22:41:39 [main] ERROR com.revature.Driver - Login exception was thrown: com.revature.exceptions.LoginException
22:42:04 [main] INFO  com.revature.services.UserService - User: User [id=13, username=Tyler, password=jjj] was created.
22:42:04 [main] INFO  com.revature.Driver - User [id=13, username=Tyler, password=jjj]
22:42:48 [main] INFO  com.revature.Driver - User [id=12, username=tyler, password=jjj]
22:43:40 [main] INFO  com.revature.services.UserService - User: User [id=14, username=zach, password=tyler] was created.
22:43:40 [main] INFO  com.revature.Driver - User [id=14, username=zach, password=tyler]
23:20:19 [main] INFO  com.revature.Driver - User [id=12, username=tyler, password=jjj]
23:20:26 [main] INFO  com.revature.services.UserService - User: User [id=0, username=tyler, password=jjj] was created.
23:20:26 [main] INFO  com.revature.Driver - User [id=0, username=tyler, password=jjj]
23:23:00 [main] INFO  com.revature.Driver - User [id=12, username=tyler, password=jjj]
23:23:10 [main] INFO  com.revature.services.UserService - User: User [id=0, username=tyler, password=jjj] was created.
23:23:10 [main] INFO  com.revature.Driver - User [id=0, username=tyler, password=jjj]
23:24:31 [main] INFO  com.revature.Driver - User [id=12, username=tyler, password=jjj]
23:24:35 [main] INFO  com.revature.services.UserService - User: User [id=0, username=tyler, password=jjj] was created.
23:24:35 [main] INFO  com.revature.Driver - User [id=0, username=tyler, password=jjj]
09:32:20 [main] INFO  com.revature.Driver - User [id=12, username=tyler, password=jjj]
09:32:34 [main] INFO  com.revature.services.UserService - User: User [id=0, username=tyler, password=jjj] was created.
09:32:34 [main] INFO  com.revature.Driver - User [id=0, username=tyler, password=jjj]
09:37:59 [main] INFO  com.revature.Driver - User [id=12, username=tyler, password=jjj]
09:38:04 [main] INFO  com.revature.services.UserService - User: User [id=0, username=tyler, password=jjj] was created.
09:38:04 [main] INFO  com.revature.Driver - User [id=0, username=tyler, password=jjj]
09:57:35 [main] INFO  com.revature.Driver - User [id=12, username=tyler, password=jjj]
09:57:49 [main] INFO  com.revature.services.UserService - User: User [id=0, username=1, password=jjj] was created.
09:57:49 [main] INFO  com.revature.Driver - User [id=0, username=1, password=jjj]
09:59:44 [main] INFO  com.revature.services.StoreService - Store item: Store [id=6, genre=Single Player, game=Aim Lab, price=0.0] was created.
09:59:44 [main] INFO  com.revature.Driver - Store [id=6, genre=Single Player, game=Aim Lab, price=0.0]
10:04:53 [main] ERROR com.revature.Driver - Login exception was thrown: com.revature.exceptions.LoginException
10:05:00 [main] INFO  com.revature.services.UserService - User: User [id=0, username=tyler, password=jjj] was created.
10:05:00 [main] INFO  com.revature.Driver - User [id=0, username=tyler, password=jjj]
10:05:40 [main] INFO  com.revature.services.StoreService - Store item: Store [id=7, genre=sports, game=MLB THE Show, price=0.0] was created.
10:05:40 [main] INFO  com.revature.Driver - Store [id=7, genre=sports, game=MLB THE Show, price=0.0]
10:12:38 [main] INFO  com.revature.Driver - User [id=12, username=tyler, password=jjj]
10:12:44 [main] INFO  com.revature.services.UserService - User: User [id=0, username=tyler, password=jjj] was created.
10:12:44 [main] INFO  com.revature.Driver - User [id=0, username=tyler, password=jjj]
